<?xml version="1.0" encoding="UTF-8"?>
<!-- Generated by org.testng.reporters.JUnitReportReporter -->
<testsuite hostname="DESKTOP-HDPLE11" failures="0" tests="1" name="TestRunnerPackage.TestRunner" time="4.924" errors="0" timestamp="2023-11-17T20:45:37 IST" skipped="0">
  <testcase classname="TestRunnerPackage.TestRunner" name="runScenario" time="4.924"/>
  <system-out/>
</testsuite> <!-- TestRunnerPackage.TestRunner -->
